<?xml version="1.0" encoding="UTF-8"?>
<testsuite name="ru.netology.service.CashbackHackServiceTest" tests="1" skipped="0" failures="0" errors="0" timestamp="2022-08-13T07:30:37" hostname="DESKTOP-76KHG54" time="0.012">
  <properties/>
  <testcase name="testRemain" classname="ru.netology.service.CashbackHackServiceTest" time="0.012"/>
  <system-out><![CDATA[]]></system-out>
  <system-err><![CDATA[]]></system-err>
</testsuite>
